{"/Users/cesarochoa/Documents/dotters/base/src/server.ts": {"path":"/Users/cesarochoa/Documents/dotters/base/src/server.ts","all":false,"statementMap":{"0":{"start":{"line":1,"column":0},"end":{"line":1,"column":79}},"1":{"start":{"line":2,"column":0},"end":{"line":2,"column":27}},"2":{"start":{"line":3,"column":0},"end":{"line":3,"column":0}},"3":{"start":{"line":4,"column":0},"end":{"line":4,"column":41}},"4":{"start":{"line":5,"column":0},"end":{"line":5,"column":0}},"5":{"start":{"line":6,"column":0},"end":{"line":6,"column":0}},"6":{"start":{"line":7,"column":0},"end":{"line":7,"column":61}},"7":{"start":{"line":8,"column":0},"end":{"line":8,"column":0}},"8":{"start":{"line":9,"column":0},"end":{"line":9,"column":44}},"9":{"start":{"line":10,"column":0},"end":{"line":10,"column":53}},"10":{"start":{"line":11,"column":0},"end":{"line":11,"column":1}},"11":{"start":{"line":12,"column":0},"end":{"line":12,"column":0}},"12":{"start":{"line":13,"column":0},"end":{"line":13,"column":3}},"13":{"start":{"line":14,"column":0},"end":{"line":14,"column":41}},"14":{"start":{"line":15,"column":0},"end":{"line":15,"column":49}},"15":{"start":{"line":16,"column":0},"end":{"line":16,"column":3}},"16":{"start":{"line":17,"column":0},"end":{"line":17,"column":71}},"17":{"start":{"line":18,"column":0},"end":{"line":18,"column":22}},"18":{"start":{"line":19,"column":0},"end":{"line":19,"column":2}},"19":{"start":{"line":20,"column":0},"end":{"line":20,"column":0}},"20":{"start":{"line":21,"column":0},"end":{"line":21,"column":25}}},"s":{"0":1,"1":1,"2":1,"3":1,"4":1,"5":1,"6":1,"7":1,"8":1,"9":1,"10":1,"11":1,"12":1,"13":1,"14":1,"15":1,"16":1,"17":16001,"18":16001,"19":1,"20":1},"branchMap":{"0":{"type":"branch","line":9,"loc":{"start":{"line":9,"column":39},"end":{"line":10,"column":53}},"locations":[{"start":{"line":9,"column":39},"end":{"line":10,"column":53}}]},"1":{"type":"branch","line":17,"loc":{"start":{"line":17,"column":17},"end":{"line":19,"column":2}},"locations":[{"start":{"line":17,"column":17},"end":{"line":19,"column":2}}]}},"b":{"0":[1],"1":[16001]},"fnMap":{},"f":{}}
,"/Users/cesarochoa/Documents/dotters/base/src/_tests_/performance-test.ts": {"path":"/Users/cesarochoa/Documents/dotters/base/src/_tests_/performance-test.ts","all":false,"statementMap":{"0":{"start":{"line":1,"column":0},"end":{"line":1,"column":40}},"1":{"start":{"line":2,"column":0},"end":{"line":2,"column":36}},"2":{"start":{"line":3,"column":0},"end":{"line":3,"column":0}},"3":{"start":{"line":4,"column":0},"end":{"line":4,"column":0}},"4":{"start":{"line":5,"column":0},"end":{"line":5,"column":85}},"5":{"start":{"line":6,"column":0},"end":{"line":6,"column":24}},"6":{"start":{"line":7,"column":0},"end":{"line":7,"column":122}},"7":{"start":{"line":8,"column":0},"end":{"line":8,"column":65}},"8":{"start":{"line":9,"column":0},"end":{"line":9,"column":39}},"9":{"start":{"line":10,"column":0},"end":{"line":10,"column":33}},"10":{"start":{"line":11,"column":0},"end":{"line":11,"column":47}},"11":{"start":{"line":12,"column":0},"end":{"line":12,"column":31}},"12":{"start":{"line":13,"column":0},"end":{"line":13,"column":14}},"13":{"start":{"line":14,"column":0},"end":{"line":14,"column":78}},"14":{"start":{"line":15,"column":0},"end":{"line":15,"column":6}},"15":{"start":{"line":16,"column":0},"end":{"line":16,"column":0}},"16":{"start":{"line":17,"column":0},"end":{"line":17,"column":36}},"17":{"start":{"line":18,"column":0},"end":{"line":18,"column":0}},"18":{"start":{"line":19,"column":0},"end":{"line":19,"column":14}},"19":{"start":{"line":20,"column":0},"end":{"line":20,"column":0}},"20":{"start":{"line":21,"column":0},"end":{"line":21,"column":1}},"21":{"start":{"line":22,"column":0},"end":{"line":22,"column":0}},"22":{"start":{"line":23,"column":0},"end":{"line":23,"column":12}}},"s":{"0":1,"1":1,"2":1,"3":1,"4":1,"5":2,"6":2,"7":2,"8":2,"9":2,"10":2,"11":2,"12":2,"13":2,"14":2,"15":2,"16":2,"17":2,"18":2,"19":2,"20":2,"21":1,"22":1},"branchMap":{"0":{"type":"branch","line":5,"loc":{"start":{"line":5,"column":36},"end":{"line":21,"column":1}},"locations":[{"start":{"line":5,"column":36},"end":{"line":21,"column":1}}]},"1":{"type":"branch","line":17,"loc":{"start":{"line":17,"column":20},"end":{"line":17,"column":36}},"locations":[{"start":{"line":17,"column":20},"end":{"line":17,"column":36}}]},"2":{"type":"branch","line":8,"loc":{"start":{"line":8,"column":42},"end":{"line":15,"column":5}},"locations":[{"start":{"line":8,"column":42},"end":{"line":15,"column":5}}]},"3":{"type":"branch","line":14,"loc":{"start":{"line":14,"column":23},"end":{"line":14,"column":78}},"locations":[{"start":{"line":14,"column":23},"end":{"line":14,"column":78}}]},"4":{"type":"branch","line":10,"loc":{"start":{"line":10,"column":12},"end":{"line":13,"column":13}},"locations":[{"start":{"line":10,"column":12},"end":{"line":13,"column":13}}]},"5":{"type":"branch","line":11,"loc":{"start":{"line":11,"column":33},"end":{"line":11,"column":47}},"locations":[{"start":{"line":11,"column":33},"end":{"line":11,"column":47}}]},"6":{"type":"branch","line":14,"loc":{"start":{"line":14,"column":50},"end":{"line":14,"column":77}},"locations":[{"start":{"line":14,"column":50},"end":{"line":14,"column":77}}]}},"b":{"0":[2],"1":[1],"2":[2],"3":[1],"4":[2],"5":[1],"6":[6]},"fnMap":{"0":{"name":"executable","decl":{"start":{"line":5,"column":36},"end":{"line":21,"column":1}},"loc":{"start":{"line":5,"column":36},"end":{"line":21,"column":1}},"line":5},"1":{"name":"log","decl":{"start":{"line":8,"column":42},"end":{"line":15,"column":5}},"loc":{"start":{"line":8,"column":42},"end":{"line":15,"column":5}},"line":8}},"f":{"0":2,"1":2}}
}
