TN:
SF:src/server.ts
FNF:0
FNH:0
DA:1,1
DA:2,1
DA:3,1
DA:4,1
DA:5,1
DA:6,1
DA:7,1
DA:8,1
DA:9,1
DA:10,1
DA:11,1
DA:12,1
DA:13,1
DA:14,1
DA:15,1
DA:16,1
DA:17,1
DA:18,16001
DA:19,16001
DA:20,1
DA:21,1
LF:21
LH:21
BRDA:9,0,0,1
BRDA:17,1,0,16001
BRF:2
BRH:2
end_of_record
TN:
SF:src/_tests_/performance-test.ts
FN:5,executable
FN:8,log
FNF:2
FNH:2
FNDA:2,executable
FNDA:2,log
DA:1,1
DA:2,1
DA:3,1
DA:4,1
DA:5,1
DA:6,2
DA:7,2
DA:8,2
DA:9,2
DA:10,2
DA:11,2
DA:12,2
DA:13,2
DA:14,2
DA:15,2
DA:16,2
DA:17,2
DA:18,2
DA:19,2
DA:20,2
DA:21,2
DA:22,1
DA:23,1
LF:23
LH:23
BRDA:5,0,0,2
BRDA:17,1,0,1
BRDA:8,2,0,2
BRDA:14,3,0,1
BRDA:10,4,0,2
BRDA:11,5,0,1
BRDA:14,6,0,6
BRF:7
BRH:7
end_of_record
